Removed Pin From Net: NetName=SPI0_MOSI Pin=J1-17
Removed Pin From Net: NetName=SPI1_MOSI Pin=J1-18
Removed Pin From Net: NetName=SPI1_MOSI Pin=J1-18
Removed Pin From Net: NetName=SPI0_MISO Pin=J1-19
Removed Pin From Net: NetName=SPI1_MISO Pin=J1-20
Removed Pin From Net: NetName=SPI0_CS Pin=J1-21
Removed Pin From Net: NetName=SPI1_CS Pin=J1-22
Removed Pin From Net: NetName=SPI0_CLK Pin=J1-23
Removed Pin From Net: NetName=HPL Pin=J1-25
Removed Pin From Net: NetName=HPR Pin=J1-26
Removed Pin From Net: NetName=HPCOM Pin=J1-27
Removed Pin From Net: NetName=MICIN Pin=J1-28
Removed Pin From Net: NetName=PD0 Pin=J1-29
Removed Pin From Net: NetName=PD11 Pin=J1-30
Removed Pin From Net: NetName=PD1 Pin=J1-31
Removed Pin From Net: NetName=PD12 Pin=J1-32
Removed Pin From Net: NetName=PD2 Pin=J1-33
Removed Pin From Net: NetName=PD13 Pin=J1-34
Removed Pin From Net: NetName=PD3 Pin=J1-35
Removed Pin From Net: NetName=PD14 Pin=J1-36
Removed Pin From Net: NetName=PD4 Pin=J1-37
Removed Pin From Net: NetName=PD15 Pin=J1-38
Removed Pin From Net: NetName=PD5 Pin=J1-39
Removed Pin From Net: NetName=PD16 Pin=J1-40
Removed Pin From Net: NetName=PD6 Pin=J1-41
Removed Pin From Net: NetName=PD17 Pin=J1-42
Removed Pin From Net: NetName=PD7 Pin=J1-43
Removed Pin From Net: NetName=PD18 Pin=J1-44
Removed Pin From Net: NetName=PD8 Pin=J1-45
Removed Pin From Net: NetName=PD19 Pin=J1-46
Removed Pin From Net: NetName=PD9 Pin=J1-47
Removed Pin From Net: NetName=PD20 Pin=J1-48
Removed Pin From Net: NetName=PD10 Pin=J1-49
Removed Pin From Net: NetName=PD21 Pin=J1-50
Removed Pin From Net: NetName=I2C_DA Pin=J1-51
Removed Pin From Net: NetName=I2C_CL Pin=J1-52
Added Pin To Net: NetName=HPR Pin=J1-17
Added Pin To Net: NetName=MICIN Pin=J1-18
Added Pin To Net: NetName=MICIN Pin=J1-18
Added Pin To Net: NetName=HPL Pin=J1-19
Added Pin To Net: NetName=SPI1_CS Pin=J1-20
Added Pin To Net: NetName=HPCOM Pin=J1-21
Added Pin To Net: NetName=SPI1_MOSI Pin=J1-22
Added Pin To Net: NetName=PD0 Pin=J1-23
Added Pin To Net: NetName=PD1 Pin=J1-25
Added Pin To Net: NetName=SPI1_MISO Pin=J1-26
Added Pin To Net: NetName=PD2 Pin=J1-27
Added Pin To Net: NetName=SPI0_MOSI Pin=J1-28
Added Pin To Net: NetName=PD3 Pin=J1-29
Added Pin To Net: NetName=SPI0_MISO Pin=J1-30
Added Pin To Net: NetName=PD4 Pin=J1-31
Added Pin To Net: NetName=SPI0_CS Pin=J1-32
Added Pin To Net: NetName=PD5 Pin=J1-33
Added Pin To Net: NetName=SPI0_CLK Pin=J1-34
Added Pin To Net: NetName=PD6 Pin=J1-35
Added Pin To Net: NetName=I2C_DA Pin=J1-36
Added Pin To Net: NetName=PD7 Pin=J1-37
Added Pin To Net: NetName=I2C_CL Pin=J1-38
Added Pin To Net: NetName=PD8 Pin=J1-39
Added Pin To Net: NetName=PD15 Pin=J1-40
Added Pin To Net: NetName=PD9 Pin=J1-41
Added Pin To Net: NetName=PD16 Pin=J1-42
Added Pin To Net: NetName=PD10 Pin=J1-43
Added Pin To Net: NetName=PD17 Pin=J1-44
Added Pin To Net: NetName=PD11 Pin=J1-45
Added Pin To Net: NetName=PD18 Pin=J1-46
Added Pin To Net: NetName=PD12 Pin=J1-47
Added Pin To Net: NetName=PD19 Pin=J1-48
Added Pin To Net: NetName=PD13 Pin=J1-49
Added Pin To Net: NetName=PD20 Pin=J1-50
Added Pin To Net: NetName=PD14 Pin=J1-51
Added Pin To Net: NetName=PD21 Pin=J1-52
