Removed Pin From Net: NetName=SDC0_D2 Pin=SD1-1
Removed Pin From Net: NetName=SDC0_D3 Pin=SD1-2
Removed Pin From Net: NetName=SDC0_CMD Pin=SD1-3
Removed Pin From Net: NetName=+3V3 Pin=SD1-4
Removed Pin From Net: NetName=SDC0_CLK Pin=SD1-5
Removed Pin From Net: NetName=GND Pin=SD1-6
Removed Pin From Net: NetName=SDC0_D0 Pin=SD1-7
Removed Pin From Net: NetName=SDC0_D1 Pin=SD1-8
Removed Pin From Net: NetName=GND Pin=SD1-10
Removed Pin From Net: NetName=GND Pin=SD1-10
Removed Pin From Net: NetName=GND Pin=SD1-10
Removed Pin From Net: NetName=GND Pin=SD1-10
Added Component: Designator=SD1(SD NAND)
Add component. Clean all parameters for all variants
Added Pin To Net: NetName=SDC0_D2 Pin=SD1-1
Added Pin To Net: NetName=SDC0_D2 Pin=SD1-1
Added Pin To Net: NetName=SDC0_D3 Pin=SD1-2
Added Pin To Net: NetName=SDC0_CLK Pin=SD1-3
Added Pin To Net: NetName=GND Pin=SD1-4
Added Pin To Net: NetName=SDC0_CMD Pin=SD1-5
Added Pin To Net: NetName=SDC0_CMD Pin=SD1-5
Added Pin To Net: NetName=SDC0_D0 Pin=SD1-6
Added Pin To Net: NetName=SDC0_D1 Pin=SD1-7
Added Pin To Net: NetName=+3V3 Pin=SD1-8
